Using pre-set license
Built from '2020.3/release' branch; Version is '2020.3.12f1 (b3b2c6512326) revision 11776710'; Using compiler version '192528614'; Build Type 'Release'
OS: 'Windows 10 Home; OS build 19042.1348; Version 2009; 64bit' Language: 'en' Physical Memory: 16244 MB
BatchMode: 1, IsHumanControllingUs: 0, StartBugReporterOnCrash: 0, Is64bit: 1, IsPro: 0

 COMMAND LINE ARGUMENTS:
C:\Program Files\Unity\Hub\Editor\2020.3.12f1\Editor\Unity.exe
-adb2
-batchMode
-noUpm
-name
AssetImportWorker0
-projectPath
G:/Year3/VirtualRealitySystems-CI606/BallRollSim
-logFile
Logs/AssetImportWorker0.log
-srvPort
65318
Successfully changed project path to: G:/Year3/VirtualRealitySystems-CI606/BallRollSim
G:/Year3/VirtualRealitySystems-CI606/BallRollSim
Using Asset Import Pipeline V2.
Refreshing native plugins compatible for Editor in 28.44 ms, found 2 plugins.
Preloading 0 native plugins for Editor in 0.00 ms.
Initialize engine version: 2020.3.12f1 (b3b2c6512326)
[Subsystems] Discovering subsystems at path C:/Program Files/Unity/Hub/Editor/2020.3.12f1/Editor/Data/Resources/UnitySubsystems
[Subsystems] Discovering subsystems at path G:/Year3/VirtualRealitySystems-CI606/BallRollSim/Assets
GfxDevice: creating device client; threaded=0
Direct3D:
    Version:  Direct3D 11.0 [level 11.1]
    Renderer: NVIDIA GeForce GTX 970 (ID=0x13c2)
    Vendor:   
    VRAM:     4043 MB
    Driver:   30.0.14.9649
Initialize mono
Mono path[0] = 'C:/Program Files/Unity/Hub/Editor/2020.3.12f1/Editor/Data/Managed'
Mono path[1] = 'C:/Program Files/Unity/Hub/Editor/2020.3.12f1/Editor/Data/MonoBleedingEdge/lib/mono/unityjit'
Mono config path = 'C:/Program Files/Unity/Hub/Editor/2020.3.12f1/Editor/Data/MonoBleedingEdge/etc'
Using monoOptions --debugger-agent=transport=dt_socket,embedding=1,server=y,suspend=n,address=127.0.0.1:56216
Begin MonoManager ReloadAssembly
Registering precompiled unity dll's ...
Register platform support module: C:/Program Files/Unity/Hub/Editor/2020.3.12f1/Editor/Data/PlaybackEngines/WebGLSupport/UnityEditor.WebGL.Extensions.dll
Register platform support module: C:/Program Files/Unity/Hub/Editor/2020.3.12f1/Editor/Data/PlaybackEngines/WindowsStandaloneSupport/UnityEditor.WindowsStandalone.Extensions.dll
Registered in 0.003198 seconds.
Native extension for WindowsStandalone target not found
Native extension for WebGL target not found
Refreshing native plugins compatible for Editor in 26.49 ms, found 2 plugins.
Preloading 0 native plugins for Editor in 0.00 ms.
Mono: successfully reloaded assembly
- Completed reload, in  2.039 seconds
Platform modules already initialized, skipping
Registering precompiled user dll's ...
Registered in 0.002843 seconds.
Begin MonoManager ReloadAssembly
Native extension for WindowsStandalone target not found
Native extension for WebGL target not found
Refreshing native plugins compatible for Editor in 0.37 ms, found 2 plugins.
Preloading 0 native plugins for Editor in 0.00 ms.
Mono: successfully reloaded assembly
- Completed reload, in  1.057 seconds
Platform modules already initialized, skipping
========================================================================
Worker process is ready to serve import requests
Launched and connected shader compiler UnityShaderCompiler.exe after 0.05 seconds
Refreshing native plugins compatible for Editor in 0.36 ms, found 2 plugins.
Preloading 0 native plugins for Editor in 0.00 ms.
Unloading 1464 Unused Serialized files (Serialized files now loaded: 0)
System memory in use before: 73.4 MB.
System memory in use after: 73.5 MB.

Unloading 20 unused Assets to reduce memory usage. Loaded Objects now: 1921.
Total: 3.224600 ms (FindLiveObjects: 0.251600 ms CreateObjectMapping: 0.297600 ms MarkObjects: 2.509100 ms  DeleteObjects: 0.164800 ms)

AssetImportParameters requested are different than current active one (requested -> active):
  custom:framework-win-MediaFoundation: 216162199b28c13a410421893ffa2e32 -> 
  custom:video-decoder-ogg-theora: a1e56fd34408186e4bbccfd4996cb3dc -> 
  custom:container-muxer-webm: aa71ff27fc2769a1b78a27578f13a17b -> 
  custom:container-demuxer-webm: 4f35f7cbe854078d1ac9338744f61a02 -> 
  custom:container-demuxer-ogg: 62fdf1f143b41e24485cea50d1cbac27 -> 
  custom:video-encoder-webm-vp8: eb34c28f22e8b96e1ab97ce403110664 -> 
  custom:video-decoder-webm-vp8: 9c59270c3fd7afecdb556c50c9e8de78 -> 
  custom:audio-decoder-ogg-vorbis: bf7c407c2cedff20999df2af8eb42d56 -> 
  custom:audio-encoder-webm-vorbis: bf7c407c2cedff20999df2af8eb42d56 -> 
========================================================================
Received Import Request.
  path: Assets/Sounds/BallKicks/433722__dersuperanton__soccer-kicking-a-football.wav
  artifactKey: Guid(1285cb75d75ef4546b483238da76c040) Importer(815301076,1909f56bfc062723c751e8b465ee728b)
Start importing Assets/Sounds/BallKicks/433722__dersuperanton__soccer-kicking-a-football.wav using Guid(1285cb75d75ef4546b483238da76c040) Importer(815301076,1909f56bfc062723c751e8b465ee728b)  -> (artifact id: '96541a373b0f95fe4238eccee9c2ad39') in 0.212901 seconds 
  Import took 0.233108 seconds .

========================================================================
Received Import Request.
  Time since last request: 0.000242 seconds.
  path: Assets/Sounds/BallKicks/446639__nicolas4677__ball-kick.wav
  artifactKey: Guid(a3390117dbb5c544087b951e3b352f5a) Importer(815301076,1909f56bfc062723c751e8b465ee728b)
Start importing Assets/Sounds/BallKicks/446639__nicolas4677__ball-kick.wav using Guid(a3390117dbb5c544087b951e3b352f5a) Importer(815301076,1909f56bfc062723c751e8b465ee728b)  -> (artifact id: 'f8eba57010cdc9e40feb956d9ac2a9d1') in 0.075763 seconds 
  Import took 0.106860 seconds .

========================================================================
Received Import Request.
  Time since last request: 0.000298 seconds.
  path: Assets/Sounds/BallKicks
  artifactKey: Guid(2e9c3bb3c25cbbe418f496b57bb78117) Importer(815301076,1909f56bfc062723c751e8b465ee728b)
Start importing Assets/Sounds/BallKicks using Guid(2e9c3bb3c25cbbe418f496b57bb78117) Importer(815301076,1909f56bfc062723c751e8b465ee728b)  -> (artifact id: 'ef5b5865a463eaebd97b1e3a7c0e8eb2') in 0.018622 seconds 
  Import took 0.022095 seconds .

========================================================================
Received Import Request.
  Time since last request: 0.000199 seconds.
  path: Assets/Sounds/BallKicks/37156__volivieri__soccer-kick-01.wav
  artifactKey: Guid(ae00df71cc7ea1643a707ead44eeae33) Importer(815301076,1909f56bfc062723c751e8b465ee728b)
Start importing Assets/Sounds/BallKicks/37156__volivieri__soccer-kick-01.wav using Guid(ae00df71cc7ea1643a707ead44eeae33) Importer(815301076,1909f56bfc062723c751e8b465ee728b)  -> (artifact id: '20695c503e4fecc21239c300a637d505') in 0.041206 seconds 
  Import took 0.046363 seconds .

========================================================================
Received Import Request.
  Time since last request: 0.000242 seconds.
  path: Assets/Sounds/BallKicks/555042__bittermelonheart__soccer-ball-kick.wav
  artifactKey: Guid(ab3da74c7b5aaee4b93d4e8aa9f53b45) Importer(815301076,1909f56bfc062723c751e8b465ee728b)
Start importing Assets/Sounds/BallKicks/555042__bittermelonheart__soccer-ball-kick.wav using Guid(ab3da74c7b5aaee4b93d4e8aa9f53b45) Importer(815301076,1909f56bfc062723c751e8b465ee728b)  -> (artifact id: '4258a8158d65ea4850932ea1629a39d8') in 0.049197 seconds 
  Import took 0.051246 seconds .

